<?xml version="1.0" encoding="UTF-8"?>
<testsuite name="TestCensus" tests="10" skipped="0" failures="0" errors="0" timestamp="2024-11-11T10:13:01" hostname="TH-5CG3410K7M" time="52.097">
  <properties/>
  <testcase name="testCensusMultiple_Empty_ClosesAllIterators" classname="TestCensus" time="0.002"/>
  <testcase name="testCensusMultiple_1X1000_regions_share_place_Success" classname="TestCensus" time="0.034"/>
  <testcase name="testCensusSingle_EmptyInput_ClosesIterator" classname="TestCensus" time="0.001"/>
  <testcase name="testCensusMultiple_FailToCreate1_ClosesAllIterators" classname="TestCensus" time="0.002"/>
  <testcase name="testCensusMultiple_FailToReturn1Item_ClosesAllIterators" classname="TestCensus" time="0.004"/>
  <testcase name="testCensusSingle_Exception_HandlesExceptions" classname="TestCensus" time="0.001"/>
  <testcase name="testCensusMultiple_15X10_000_regions_Success" classname="TestCensus" time="32.253"/>
  <testcase name="testCensusSingle_1Age_Success" classname="TestCensus" time="0.004"/>
  <testcase name="testCensusSingle_10_000_people_valid" classname="TestCensus" time="19.788"/>
  <testcase name="testCensusSingle_InvalidAge_ThrowsExceptionOrIgnores" classname="TestCensus" time="0.006"/>
  <system-out><![CDATA[[1:0=2500, 1:1=2500, 1:2=2500, 2:3=2499]
[]
Couldn't find region invalid
Couldn't find region invalid
[1:32=254, 2:53=217, 3:123=213]
[1:1=1]
[1:138=93, 2:10=85, 2:35=85, 3:90=84]
Invalid ages ignored. Good one!
[1:0=3, 2:1=2, 3:2=1]
]]></system-out>
  <system-err><![CDATA[]]></system-err>
</testsuite>
